Checking for deprecated package usage... OK
Checking for remote package usage... OK
Checking for 'LazyData: true' usage... OK
Checking version number... OK
Checking version number validity... OK
Checking R version dependency...
Update R version dependency from 4.4 to 4.5.0.
Checking package size... OK
Checking individual file sizes... OK
Checking biocViews... OK
Checking that biocViews are present... OK
Checking package type based on biocViews... OK
Checking for non-trivial biocViews... OK
Checking that biocViews come from the same category... OK
Checking biocViews validity... OK
Checking for recommended biocViews... OK
Checking build system compatibility... OK
Checking for proper Description: field... OK
Checking if DESCRIPTION is well formatted... OK
Checking for whitespace in DESCRIPTION field names... OK
Checking that Package field matches directory/tarball name... OK
Checking for Version: field... OK
Checking for valid maintainer... OK
Checking License: for restrictive use... OK
Checking for recommended DESCRIPTION fields... OK
Checking for Bioconductor software dependencies... OK
Checking for pinned package versions in DESCRIPTION... OK
Checking .Rbuildignore... OK
Checking for stray BiocCheck output folders... OK
Checking for inst/doc folders... OK
Checking vignette directory...
No 'vignettes' directory.
Checking package installation calls in R code... OK
Checking for library/require of shinyDSP... OK
Checking coding practice...
 Avoid 'cat' and 'print' outside of 'show' methods
Found in files:
print() in R/ShinyDSP.R (line 204, column 7)
 Avoid T/F variables; If logical, use TRUE/FALSE 
Found 2 times:
F in R/util_create_heatmap.R (line 53, column 38)
F in R/util_create_heatmap.R (line 76, column 40)
Checking parsed R code in R directory, examples, vignettes... OK
Checking function lengths...
The recommended function length is 50 lines or less. There are 8 functions greater than 50 lines.
The longest 5 functions are:
shinyDSP() (R/ShinyDSP.R): 217 lines
server() (R/ShinyDSP.R): 156 lines
.outputSidebar() (R/output_sidebar.R):  99 lines
.PCAFunction() (R/util_PCA_function.R):  81 lines
.interfaceVolcanoNavPanel() (R/interface_volcano_nav_panel.R):  80 lines
Checking man page documentation... OK
Checking package NEWS... OK
Checking unit tests... OK
Checking skip_on_bioc() in tests... OK
Checking formatting of DESCRIPTION, NAMESPACE, man pages, R source, and vignette source...
Consider shorter lines; 37 lines (2%) are > 80 characters long.
First few lines:
R/interface_heatmap_nav_panel.R#L22                             textInput("h ...
R/interface_heatmap_nav_panel.R#L26                                          ...
R/output_sidebar.R#L14         "Pick column(s) that contain bio ...
R/output_sidebar.R#L43       # choices = data()$sampleAnnoFile  ...
R/ShinyDSP.R#L48     #     tags$p("These are all possible ...
R/ShinyDSP.R#L56     #     tags$p("Amin Manji and Meggie  ...
R/ShinyDSP.R#L69     #       shiny::icon("github"), "", h ...
R/ShinyDSP.R#L177     #### --------------------Heatmap out ...
R/ShinyDSP.R#L211             height = 1.5 * as.numeric(he ...
R/ShinyDSP.R#L212             # height = as.numeric(heatma ...
R/ShinyDSP.R#L213             # width = as.numeric(heatmap ...
R/ShinyDSP.R#L222     #         png(file, width = dim(lcpm ...
R/util_create_heatmap.R#L25         SummarizedExperiment::assay(spe, ...
R/util_create_heatmap.R#L38     ## BEWARE! top_n() reorders rows by  ...
R/util_create_heatmap.R#L40                                          ...
R/util_create_heatmap.R#L41                                          ...
R/util_create_heatmap.R#L50     col_fun <- circlize::colorRamp2(c(he ...
R/util_create_heatmap.R#L55                    # width = grid::unit( ...
R/util_create_heatmap.R#L56                    # height = grid::unit ...
R/util_create_heatmap.R#L57                    # width = grid::unit( ...
R/util_create_heatmap.R#L58                    # height = grid::unit ...
R/util_create_heatmap.R#L62                        title_gp = grid:: ...
R/util_create_heatmap.R#L63                        labels_gp = grid: ...
R/util_create_heatmap.R#L64                        legend_height = g ...
R/util_create_heatmap.R#L70                    #         labels_gp = ...
R/util_create_heatmap.R#L71                    #         labels_rot  ...
R/util_create_heatmap.R#L75                    row_names_gp = grid:: ...
R/util_create_heatmap.R#L82                    #     labels_gp = gri ...
R/util_create_heatmap.R#L83                    #     labels_rot = 20 ...
R/util_create_heatmap.R#L87                    #                     ...
R/util_create_heatmap.R#L88                    #                     ...
R/util_differential_gene_exp.R#L32     formula <- gsub(" ", " + ", paste(pr ...
R/util_differential_gene_exp.R#L85       v2 <- limma::voom(dge(), design(), ...
R/util_differential_gene_exp.R#L90       fit <- limma::lmFit(v, design(), b ...
R/util_PCA_function.R#L30       values = unlist(ROIcolours) # colo ...
R/util_process_excel.R#L78 spe <- shiny::eventReactive(c(input$run, ...
R/util_process_excel.R#L92   # qc <- colData(spe)$AlignedReads/colD ...
Consider multiples of 4 spaces for line indents; 702 lines (35%) are not.
First few lines:
R/interface_heatmap_nav_panel.R#L19                                          ...
R/interface_heatmap_nav_panel.R#L23                                       va ...
R/interface_heatmap_nav_panel.R#L28                                          ...
R/interface_heatmap_nav_panel.R#L29                                          ...
R/interface_heatmap_nav_panel.R#L30                                          ...
R/interface_heatmap_nav_panel.R#L31                                          ...
R/interface_heatmap_nav_panel.R#L32                                          ...
R/interface_heatmap_nav_panel.R#L33                                          ...
R/interface_heatmap_nav_panel.R#L34                                          ...
R/interface_heatmap_nav_panel.R#L36                                          ...
R/interface_intro_nav_panel.R#L8   bslib::nav_panel( ...
R/interface_intro_nav_panel.R#L37   ) ...
R/interface_pca_nav_panel.R#L8   bslib::nav_panel( ...
R/interface_pca_nav_panel.R#L12       bslib::layout_columns( ...
R/interface_pca_nav_panel.R#L16           4, 4, 4, ...
R/interface_pca_nav_panel.R#L17           4, 4, 4, ...
R/interface_pca_nav_panel.R#L18           12, ...
R/interface_pca_nav_panel.R#L19           12, ...
R/interface_pca_nav_panel.R#L20           12, ...
R/interface_pca_nav_panel.R#L21           12 ...
R/interface_pca_nav_panel.R#L24           style = "padding: 4px;" ...
R/interface_pca_nav_panel.R#L26           type = 4, size = 0.5, ...
R/interface_pca_nav_panel.R#L27           proxy.height = 50 ...
R/interface_pca_nav_panel.R#L30           style = "padding: 4px;" ...
R/interface_pca_nav_panel.R#L32           type = 4, size = 0.5, ...
R/interface_pca_nav_panel.R#L33           proxy.height = 50 ...
R/interface_pca_nav_panel.R#L36           style = "padding: 4px;" ...
R/interface_pca_nav_panel.R#L38           type = 4, size = 0.5, ...
R/interface_pca_nav_panel.R#L39           proxy.height = 50 ...
R/interface_pca_nav_panel.R#L42           style = "padding: 4px;" ...
R/interface_pca_nav_panel.R#L44           type = 4, size = 0.5, ...
R/interface_pca_nav_panel.R#L45           proxy.height = 50 ...
R/interface_pca_nav_panel.R#L48           style = "padding: 4px;" ...
R/interface_pca_nav_panel.R#L50           type = 4, size = 0.5, ...
R/interface_pca_nav_panel.R#L51           proxy.height = 50 ...
R/interface_pca_nav_panel.R#L54           style = "padding: 4px;" ...
R/interface_pca_nav_panel.R#L56           type = 4, size = 0.5, ...
R/interface_pca_nav_panel.R#L57           proxy.height = 50 ...
R/interface_pca_nav_panel.R#L61           style = "display: inline-block ...
R/interface_pca_nav_panel.R#L64           id = "PCAcustom", style = "dis ...
R/interface_pca_nav_panel.R#L65           shiny::uiOutput("customization ...
R/interface_pca_nav_panel.R#L68           id = "PCAcustomBatch", style = ...
R/interface_pca_nav_panel.R#L69           shiny::uiOutput("customization ...
R/interface_pca_nav_panel.R#L71       ) ...
R/interface_pca_nav_panel.R#L73   ) ...
R/interface_sidebar.R#L8   bslib::sidebar( ...
R/interface_sidebar.R#L10       inputId = "useSampleData", ...
R/interface_sidebar.R#L11       label = "Use demo data", ...
R/interface_sidebar.R#L12       value = FALSE, ...
R/interface_sidebar.R#L13       fill = TRUE ...
R/interface_sidebar.R#L16       shiny::fileInput( ...
R/interface_sidebar.R#L20       ) ...
R/interface_sidebar.R#L23       inputId = "load", ...
R/interface_sidebar.R#L24       "Load", ...
R/interface_sidebar.R#L25       style = "display: inline-block; pa ...
R/interface_sidebar.R#L28       type = 4, size = 0.5, proxy.height ...
R/interface_sidebar.R#L31       type = 4, size = 0.5, proxy.height ...
R/interface_sidebar.R#L34       type = 4, size = 0.5, proxy.height ...
R/interface_sidebar.R#L37       type = 4, size = 0.5, proxy.height ...
R/interface_sidebar.R#L41       inputId = "run", ...
R/interface_sidebar.R#L42       "Run", ...
R/interface_sidebar.R#L43       style = "display: inline-block; pa ...
R/interface_sidebar.R#L50       inputId = "lfc", ...
R/interface_sidebar.R#L51       label = "log2 fold change cutoff", ...
R/interface_sidebar.R#L52       value = 1 ...
R/interface_sidebar.R#L54   ) ...
R/interface_table_nav_panel.R#L8   bslib::nav_panel( ...
R/interface_table_nav_panel.R#L11       shiny::uiOutput("table") %>% shiny ...
R/interface_table_nav_panel.R#L12       shiny::downloadButton("downloadTab ...
R/interface_table_nav_panel.R#L14   ) ...
R/interface_volcano_nav_panel.R#L8   bslib::nav_panel( ...
R/interface_volcano_nav_panel.R#L11       sidebar = accordion( ...
R/interface_volcano_nav_panel.R#L13           " ", ...
R/interface_volcano_nav_panel.R#L14           shiny::actionButton( ...
R/interface_volcano_nav_panel.R#L17           ) ...
R/interface_volcano_nav_panel.R#L20           "Volcano options", ...
R/interface_volcano_nav_panel.R#L21           htmltools::div( ...
R/interface_volcano_nav_panel.R#L23               inputId = "maxOverlap", ...
R/interface_volcano_nav_panel.R#L24               "Density of gene names to  ...
R/interface_volcano_nav_panel.R#L25               min = 0, max = 50, value = ...
R/interface_volcano_nav_panel.R#L28               inputId = "delabSize", ...
R/interface_volcano_nav_panel.R#L29               "Gene label size", value = ...
R/interface_volcano_nav_panel.R#L32               inputId = "PvalCutoff", ...
R/interface_volcano_nav_panel.R#L33               "P value cutoff", ...
R/interface_volcano_nav_panel.R#L34               value = 0.05, ...
R/interface_volcano_nav_panel.R#L35               min = 0 ...
R/interface_volcano_nav_panel.R#L38               inputId = "logFCcutoff", ...
R/interface_volcano_nav_panel.R#L39               "logFC cutoff", ...
R/interface_volcano_nav_panel.R#L40               value = 1 ...
R/interface_volcano_nav_panel.R#L43               inputId = "UpCol", ...
R/interface_volcano_nav_panel.R#L44               "Up gene colour", ...
R/interface_volcano_nav_panel.R#L45               value = "red2" ...
R/interface_volcano_nav_panel.R#L48               inputId = "DnCol", ...
R/interface_volcano_nav_panel.R#L49               "Down gene colour", ...
R/interface_volcano_nav_panel.R#L50               value = "blue2" ...
R/interface_volcano_nav_panel.R#L53               inputId = "notDEcol", ...
R/interface_volcano_nav_panel.R#L54               "Not DE colour", ...
R/interface_volcano_nav_panel.R#L55               value = "grey75" ...
R/interface_volcano_nav_panel.R#L58               inputId = "toggleCustomRan ...
R/interface_volcano_nav_panel.R#L59               "Customize x & y range" ...
R/interface_volcano_nav_panel.R#L62           ), ...
R/interface_volcano_nav_panel.R#L63           htmltools::div( ...
R/interface_volcano_nav_panel.R#L66           ) ...
R/interface_volcano_nav_panel.R#L81       ), ...
R/interface_volcano_nav_panel.R#L82       shiny::uiOutput("volcanoUI") %>% s ...
R/interface_volcano_nav_panel.R#L83       shiny::downloadButton("downloadVol ...
R/interface_volcano_nav_panel.R#L85   ) ...
R/observeEvent_pca_nav_panel.R#L2   # nocov start ...
R/observeEvent_pca_nav_panel.R#L3   shiny::observeEvent(input$togglePCAcus ...
R/observeEvent_pca_nav_panel.R#L5   }) ...
R/observeEvent_pca_nav_panel.R#L6   # nocov end ...
R/observeEvent_pca_nav_panel.R#L8   # nocov start ...
R/observeEvent_pca_nav_panel.R#L9   shiny::observeEvent(input$togglePCAcus ...
R/observeEvent_pca_nav_panel.R#L11   }) ...
R/observeEvent_pca_nav_panel.R#L12   # nocov end ...
R/observeEvent_sidebar.R#L2   # nocov start ...
R/observeEvent_sidebar.R#L3   observeEvent(input$useSampleData, { ...
R/observeEvent_sidebar.R#L5       shinyjs::show("uploadedFile") ...
R/observeEvent_sidebar.R#L7       shinyjs::hide("uploadedFile") ...
R/observeEvent_sidebar.R#L9   }) ...
R/observeEvent_sidebar.R#L10   # nocov end ...
R/observeEvent_sidebar.R#L12   # nocov start ...
R/observeEvent_sidebar.R#L13   shiny::observeEvent(input$load, { ...
R/observeEvent_sidebar.R#L15       shiny::numericInput( ...
R/observeEvent_sidebar.R#L21       ) ...
R/observeEvent_sidebar.R#L23   }) ...
R/observeEvent_sidebar.R#L24   # nocov end ...
R/observeEvent_sidebar.R#L26   # nocov start ...
R/observeEvent_sidebar.R#L27   shiny::observeEvent(input$run, { ...
R/observeEvent_sidebar.R#L29       shinyWidgets::radioGroupButtons( ...
R/observeEvent_sidebar.R#L32           "CPM" = "speCPM()", ...
R/observeEvent_sidebar.R#L33           "Q3" = "speQ3()", ...
R/observeEvent_sidebar.R#L34           "RUV4" = "speRUV()" ...
R/observeEvent_sidebar.R#L40       ) ...
R/observeEvent_sidebar.R#L42   }) ...
R/observeEvent_sidebar.R#L43   # nocov end ...
R/output_pca_nav_panel.R#L2   # nocov start ...
R/output_pca_nav_panel.R#L3   # Opens a grouped widgets to pick shap ...
R/output_pca_nav_panel.R#L4   output$customization <- shiny::renderU ...
R/output_pca_nav_panel.R#L7   }) ...
R/output_pca_nav_panel.R#L8   # nocov end ...
R/output_pca_nav_panel.R#L10   # nocov start ...
R/output_pca_nav_panel.R#L11   # Opens a grouped widgets to pick shap ...
R/output_pca_nav_panel.R#L12   output$customizationBatch <- shiny::re ...
R/output_pca_nav_panel.R#L15   }) ...
R/output_pca_nav_panel.R#L16   # nocov end ...
R/output_pca_nav_panel.R#L18   # nocov start ...
R/output_pca_nav_panel.R#L19   output$pcaPlotCpm <- shiny::renderUI({ ...
R/output_pca_nav_panel.R#L21       shiny::need( ...
R/output_pca_nav_panel.R#L24       ) ...
R/output_pca_nav_panel.R#L27   }) ...
R/output_pca_nav_panel.R#L28   # nocov end ...
R/output_pca_nav_panel.R#L30   # nocov start ...
R/output_pca_nav_panel.R#L31   output$pcaPlotQ3 <- shiny::renderUI({ ...
R/output_pca_nav_panel.R#L34   }) ...
R/output_pca_nav_panel.R#L35   # nocov end ...
R/output_pca_nav_panel.R#L37   # nocov start ...
R/output_pca_nav_panel.R#L38   output$pcaPlotRuv <- shiny::renderUI({ ...
R/output_pca_nav_panel.R#L41   }) ...
R/output_pca_nav_panel.R#L42   # nocov end ...
R/output_pca_nav_panel.R#L44   # nocov start ...
R/output_pca_nav_panel.R#L45   output$pcaPlotCpmBatch <- shiny::rende ...
R/output_pca_nav_panel.R#L48   }) ...
R/output_pca_nav_panel.R#L49   # nocov end ...
R/output_pca_nav_panel.R#L51   # nocov start ...
R/output_pca_nav_panel.R#L52   output$pcaPlotQ3Batch <- shiny::render ...
R/output_pca_nav_panel.R#L55   }) ...
R/output_pca_nav_panel.R#L56   # nocov end ...
R/output_pca_nav_panel.R#L58   # nocov start ...
R/output_pca_nav_panel.R#L59   output$pcaPlotRuvBatch <- shiny::rende ...
R/output_pca_nav_panel.R#L62   }) ...
R/output_pca_nav_panel.R#L63   # nocov end ...
R/output_pca_nav_panel.R#L65   # nocov start ...
R/output_pca_nav_panel.R#L66   # output$downloadPCA <- shiny::downloa ...
R/output_pca_nav_panel.R#L67   #   filename = function() { ...
R/output_pca_nav_panel.R#L68   #     base::paste0("pca_", Sys.Date(), ...
R/output_pca_nav_panel.R#L69   #   }, ...
R/output_pca_nav_panel.R#L70   #   content = function(file) { ...
R/output_pca_nav_panel.R#L71   #     png(file) ...
R/output_pca_nav_panel.R#L72   #     pcaPlot() ...
R/output_pca_nav_panel.R#L73   #     dev.off() ...
R/output_pca_nav_panel.R#L74   #   }, ...
R/output_pca_nav_panel.R#L75   #   contentType = "image/png" ...
R/output_pca_nav_panel.R#L76   # ) ...
R/output_pca_nav_panel.R#L77   # nocov end ...
R/output_sidebar.R#L2   # nocov start ...
R/output_sidebar.R#L3   output$selectYourExpVar <- shiny::rend ...
R/output_sidebar.R#L7       inputId = "selectedExpVar", ...
R/output_sidebar.R#L8       # label = "Choose the main variabl ...
R/output_sidebar.R#L9       label = bslib::tooltip( ...
R/output_sidebar.R#L11           "Variable(s) of interest", ...
R/output_sidebar.R#L12           bsicons::bs_icon("info-circle" ...
R/output_sidebar.R#L15           treatment." ...
R/output_sidebar.R#L16       ), ...
R/output_sidebar.R#L17       choices = data()$sampleAnnoFile %> ...
R/output_sidebar.R#L19       multiple = TRUE, ...
R/output_sidebar.R#L20       selectize = TRUE, ...
R/output_sidebar.R#L21       selected = NULL ...
R/output_sidebar.R#L23   }) ...
R/output_sidebar.R#L24   # nocov end ...
R/output_sidebar.R#L26   # nocov start ...
R/output_sidebar.R#L27   output$selectYourType <- shiny::render ...
R/output_sidebar.R#L34       inputId = "selectedTypes", ...
R/output_sidebar.R#L35       # label = "Choose groups to analyz ...
R/output_sidebar.R#L36       label = bslib::tooltip( ...
R/output_sidebar.R#L38           "Groups of interest", ...
R/output_sidebar.R#L39           bsicons::bs_icon("info-circle" ...
R/output_sidebar.R#L42       ), ...
R/output_sidebar.R#L43       # choices = data()$sampleAnnoFile  ...
R/output_sidebar.R#L44       choices = new_sampleAnnoFile() %>% ...
R/output_sidebar.R#L45       multiple = TRUE, ...
R/output_sidebar.R#L46       selectize = TRUE, ...
R/output_sidebar.R#L47       selected = NULL ...
R/output_sidebar.R#L49   }) ...
R/output_sidebar.R#L51   # nocov end ...
R/output_sidebar.R#L53   # nocov start ...
R/output_sidebar.R#L54   output$selectYourBatch <- shiny::rende ...
R/output_sidebar.R#L58       inputId = "selectedBatch", ...
R/output_sidebar.R#L59       # label = "Choose sample batch", ...
R/output_sidebar.R#L60       bslib::tooltip( ...
R/output_sidebar.R#L62           "A batch variable", ...
R/output_sidebar.R#L63           bsicons::bs_icon("info-circle" ...
R/output_sidebar.R#L66       ), ...
R/output_sidebar.R#L67       choices = data()$sampleAnnoFile %> ...
R/output_sidebar.R#L69       multiple = FALSE ...
R/output_sidebar.R#L71   }) ...
R/output_sidebar.R#L72   # nocov end ...
R/output_sidebar.R#L74   # nocov start ...
R/output_sidebar.R#L75   output$selectYourConfounder <- shiny:: ...
R/output_sidebar.R#L79       inputId = "selectedConfounders", ...
R/output_sidebar.R#L80       # label = "Choose sample batch", ...
R/output_sidebar.R#L81       bslib::tooltip( ...
R/output_sidebar.R#L83           "Any confounding variables", ...
R/output_sidebar.R#L84           bsicons::bs_icon("info-circle" ...
R/output_sidebar.R#L87       ), ...
R/output_sidebar.R#L88       choices = data()$sampleAnnoFile %> ...
R/output_sidebar.R#L90       multiple = TRUE, ...
R/output_sidebar.R#L91       options = list( ...
R/output_sidebar.R#L94       ) ...
R/output_sidebar.R#L96   }) ...
R/output_sidebar.R#L97   # nocov end ...
R/output_sidebar.R#L98   invisible(NULL) ...
R/output_table_nav_panel.R#L2   # nocov start ...
R/output_table_nav_panel.R#L3   output$table <- shiny::renderUI({ ...
R/output_table_nav_panel.R#L5       shiny::need( ...
R/output_table_nav_panel.R#L7           shiny::isTruthy(input$selected ...
R/output_table_nav_panel.R#L8           shiny::isTruthy(input$selected ...
R/output_table_nav_panel.R#L9           shiny::isTruthy(input$run), ...
R/output_table_nav_panel.R#L11       ) ...
R/output_table_nav_panel.R#L14       topTabDF() %>% ...
R/output_table_nav_panel.R#L18   }) ...
R/output_table_nav_panel.R#L19   # nocov end ...
R/output_table_nav_panel.R#L21   # nocov start ...
R/output_table_nav_panel.R#L22   output$downloadTable <- shiny::downloa ...
R/output_table_nav_panel.R#L25       utils::write.table(topTabDF(), fil ...
R/output_table_nav_panel.R#L27   ) ...
R/output_table_nav_panel.R#L28   # nocov end ...
R/ShinyDSP.R#L15   ui <- bslib::page_navbar( ...
R/ShinyDSP.R#L17       rel = "shortcut icon", ...
R/ShinyDSP.R#L18       href = "favicon.ico/lung.png" ...
R/ShinyDSP.R#L21       " ...
R/ShinyDSP.R#L71   ) ...
R/ShinyDSP.R#L73   server <- function(input, output, sess ...
R/ShinyDSP.R#L118       shinyjs::toggle("showCustomRange") ...
R/ShinyDSP.R#L125       htmltools::div( ...
R/ShinyDSP.R#L127           inputId = "customX", ...
R/ShinyDSP.R#L128           "logFC", min = -10, max = 10,  ...
R/ShinyDSP.R#L131           inputId = "customY", ...
R/ShinyDSP.R#L132           "-log P value", value = 10 ...
R/ShinyDSP.R#L134       ) ...
R/ShinyDSP.R#L140       shiny::validate( ...
R/ShinyDSP.R#L142           shiny::isTruthy(input$load) & ...
R/ShinyDSP.R#L147           "'Load' data, 'choose types',  ...
R/ShinyDSP.R#L148           then hit 'update'!" ...
R/ShinyDSP.R#L150       ) ...
R/ShinyDSP.R#L151       plotHeight <- shiny::reactive(350  ...
R/ShinyDSP.R#L153       # Plots as a list can be grouped i ...
R/ShinyDSP.R#L154       shiny::renderPlot( ...
R/ShinyDSP.R#L157           plotlist = volcano(), ncol = 1 ...
R/ShinyDSP.R#L158           axis = "lr" ...
R/ShinyDSP.R#L161       ) ...
R/ShinyDSP.R#L204       print(head(lcpm_subset_scale())) ...
R/ShinyDSP.R#L228   } ...
R/ShinyDSP.R#L229   shiny::shinyApp(ui = ui, server = serv ...
R/util_create_heatmap.R#L8                                          ...
R/util_create_heatmap.R#L9                                          ...
R/util_create_heatmap.R#L10                                          ...
R/util_create_heatmap.R#L40                                          ...
R/util_create_heatmap.R#L41                                          ...
R/util_create_heatmap.R#L42                                          ...
R/util_create_heatmap.R#L43                                          ...
R/util_create_heatmap.R#L53                    cluster_columns = F, ...
R/util_create_heatmap.R#L54                    col = col_fun, ...
R/util_create_heatmap.R#L55                    # width = grid::unit( ...
R/util_create_heatmap.R#L56                    # height = grid::unit ...
R/util_create_heatmap.R#L57                    # width = grid::unit( ...
R/util_create_heatmap.R#L58                    # height = grid::unit ...
R/util_create_heatmap.R#L59                    heatmap_legend_param  ...
R/util_create_heatmap.R#L60                        border = "black", ...
R/util_create_heatmap.R#L61                        title = "Z score" ...
R/util_create_heatmap.R#L62                        title_gp = grid:: ...
R/util_create_heatmap.R#L63                        labels_gp = grid: ...
R/util_create_heatmap.R#L64                        legend_height = g ...
R/util_create_heatmap.R#L65                    ), ...
R/util_create_heatmap.R#L66                    # top_annotation = Co ...
R/util_create_heatmap.R#L67                    #     foo = ComplexHe ...
R/util_create_heatmap.R#L68                    #         gp = grid:: ...
R/util_create_heatmap.R#L69                    #         labels = un ...
R/util_create_heatmap.R#L70                    #         labels_gp = ...
R/util_create_heatmap.R#L71                    #         labels_rot  ...
R/util_create_heatmap.R#L72                    #     ) ...
R/util_create_heatmap.R#L73                    # ), ...
R/util_create_heatmap.R#L74                    border_gp = grid::gpa ...
R/util_create_heatmap.R#L75                    row_names_gp = grid:: ...
R/util_create_heatmap.R#L76                    show_column_names = F ...
R/util_create_heatmap.R#L78                    # top_annotation= Hea ...
R/util_create_heatmap.R#L79                    #   foo = ComplexHeat ...
R/util_create_heatmap.R#L80                    #     gp = grid::gpar ...
R/util_create_heatmap.R#L81                    #     labels = unlist ...
R/util_create_heatmap.R#L82                    #     labels_gp = gri ...
R/util_create_heatmap.R#L83                    #     labels_rot = 20 ...
R/util_create_heatmap.R#L84                    #   ) ...
R/util_create_heatmap.R#L85                    # ), ...
R/util_create_heatmap.R#L86                    # column_split = rep( ...
R/util_create_heatmap.R#L87                    #                     ...
R/util_create_heatmap.R#L88                    #                     ...
R/util_create_heatmap.R#L89                    # ), ...
R/util_create_heatmap.R#L90                    column_title = NULL ...
R/util_create_PCA_by_CPM.R#L3   speCPM <- scater::runPCA(spe()) ...
R/util_create_PCA_by_CPM.R#L4   return(speCPM) ...
R/util_create_PCA_by_CPM.R#L10   speCPM_compute <- SingleCellExperiment ...
R/util_create_PCA_by_CPM.R#L11   return(speCPM_compute) ...
R/util_create_PCA_by_CPM.R#L17   req(speCPM(), speCPM_compute()) ...
R/util_create_PCA_by_CPM.R#L18   ExpVar <- paste0(input$selectedExpVar, ...
R/util_create_PCA_by_CPM.R#L20   # Initialize ...
R/util_create_PCA_by_CPM.R#L21   ROIshapes <- list() ...
R/util_create_PCA_by_CPM.R#L22   ROIcolours <- list() ...
R/util_create_PCA_by_CPM.R#L24   ROIshapes <- lapply(seq_along(input$se ...
R/util_create_PCA_by_CPM.R#L26   }) ...
R/util_create_PCA_by_CPM.R#L27   ROIcolours <- lapply(seq_along(input$s ...
R/util_create_PCA_by_CPM.R#L29   }) ...
R/util_create_PCA_by_CPM.R#L31   pcaPlot <- .PCAFunction( ...
R/util_create_PCA_by_CPM.R#L34   ) + ...
R/util_create_PCA_by_CPM.R#L37   return(pcaPlot) ...
R/util_create_PCA_by_CPM.R#L43   req(speCPM(), speCPM_compute()) ...
R/util_create_PCA_by_CPM.R#L45   batchVars <- data()[[2]] |> ...
R/util_create_PCA_by_CPM.R#L49   # Initialize ...
R/util_create_PCA_by_CPM.R#L50   ROIshapes <- list() ...
R/util_create_PCA_by_CPM.R#L51   ROIcolours <- list() ...
R/util_create_PCA_by_CPM.R#L53   ROIshapes <- lapply(seq_along(batchVar ...
R/util_create_PCA_by_CPM.R#L55   }) ...
R/util_create_PCA_by_CPM.R#L56   ROIcolours <- lapply(seq_along(batchVa ...
R/util_create_PCA_by_CPM.R#L58   }) ...
R/util_create_PCA_by_CPM.R#L60   pcaPlot <- .PCAFunction( ...
R/util_create_PCA_by_CPM.R#L64   ) + ...
R/util_create_PCA_by_CPM.R#L67   return(pcaPlot) ...
R/util_create_PCA_by_Q3.R#L3   speQ3 <- standR::geomxNorm(spe(), meth ...
R/util_create_PCA_by_Q3.R#L4   speQ3 <- scater::runPCA(speQ3) ...
R/util_create_PCA_by_Q3.R#L5   return(speQ3) ...
R/util_create_PCA_by_Q3.R#L11   speQ3_compute <- SingleCellExperiment: ...
R/util_create_PCA_by_Q3.R#L12   return(speQ3_compute) ...
R/util_create_PCA_by_Q3.R#L18   req(speQ3(), speQ3_compute()) ...
R/util_create_PCA_by_Q3.R#L19   ExpVar <- paste0(input$selectedExpVar, ...
R/util_create_PCA_by_Q3.R#L21   # Initialize ...
R/util_create_PCA_by_Q3.R#L22   ROIshapes <- list() ...
R/util_create_PCA_by_Q3.R#L23   ROIcolours <- list() ...
R/util_create_PCA_by_Q3.R#L25   ROIshapes <- lapply(seq_along(input$se ...
R/util_create_PCA_by_Q3.R#L27   }) ...
R/util_create_PCA_by_Q3.R#L28   ROIcolours <- lapply(seq_along(input$s ...
R/util_create_PCA_by_Q3.R#L30   }) ...
R/util_create_PCA_by_Q3.R#L32   pcaPlot <- .PCAFunction( ...
R/util_create_PCA_by_Q3.R#L35   ) + ...
R/util_create_PCA_by_Q3.R#L37   return(pcaPlot) ...
R/util_create_PCA_by_Q3.R#L43   req(speQ3(), speQ3_compute()) ...
R/util_create_PCA_by_Q3.R#L45   batchVars <- data()[[2]] %>% ...
R/util_create_PCA_by_Q3.R#L49   # Initialize ...
R/util_create_PCA_by_Q3.R#L50   ROIshapes <- list() ...
R/util_create_PCA_by_Q3.R#L51   ROIcolours <- list() ...
R/util_create_PCA_by_Q3.R#L53   ROIshapes <- lapply(seq_along(batchVar ...
R/util_create_PCA_by_Q3.R#L55   }) ...
R/util_create_PCA_by_Q3.R#L56   ROIcolours <- lapply(seq_along(batchVa ...
R/util_create_PCA_by_Q3.R#L58   }) ...
R/util_create_PCA_by_Q3.R#L60   pcaPlot <- .PCAFunction( ...
R/util_create_PCA_by_Q3.R#L63   ) + ...
R/util_create_PCA_by_Q3.R#L66   return(pcaPlot) ...
R/util_create_PCA_by_RUV4.R#L3   return(standR::findNCGs(spe(), ...
R/util_create_PCA_by_RUV4.R#L6   )) ...
R/util_create_PCA_by_RUV4.R#L12   ExpVar <- paste0(input$selectedExpVar, ...
R/util_create_PCA_by_RUV4.R#L13   return(standR::geomxBatchCorrection(sp ...
R/util_create_PCA_by_RUV4.R#L16   )) ...
R/util_create_PCA_by_RUV4.R#L22   speRUV <- scater::runPCA(speRUVBatchCo ...
R/util_create_PCA_by_RUV4.R#L23   return(speRUV) ...
R/util_create_PCA_by_RUV4.R#L29   speRUV_compute <- SingleCellExperiment ...
R/util_create_PCA_by_RUV4.R#L30   return(speRUV_compute) ...
R/util_create_PCA_by_RUV4.R#L36   ExpVar <- paste0(input$selectedExpVar, ...
R/util_create_PCA_by_RUV4.R#L38   # Initialize ...
R/util_create_PCA_by_RUV4.R#L39   ROIshapes <- list() ...
R/util_create_PCA_by_RUV4.R#L40   ROIcolours <- list() ...
R/util_create_PCA_by_RUV4.R#L42   ROIshapes <- lapply(seq_along(input$se ...
R/util_create_PCA_by_RUV4.R#L44   }) ...
R/util_create_PCA_by_RUV4.R#L45   ROIcolours <- lapply(seq_along(input$s ...
R/util_create_PCA_by_RUV4.R#L47   }) ...
R/util_create_PCA_by_RUV4.R#L49   pca_plot <- .PCAFunction( ...
R/util_create_PCA_by_RUV4.R#L52   ) + ...
R/util_create_PCA_by_RUV4.R#L54   return(pca_plot) ...
R/util_create_PCA_by_RUV4.R#L60   req(speRUV(), speRUV_compute()) ...
R/util_create_PCA_by_RUV4.R#L62   batchVars <- data()[[2]] %>% ...
R/util_create_PCA_by_RUV4.R#L66   # Initialize ...
R/util_create_PCA_by_RUV4.R#L67   ROIshapes <- list() ...
R/util_create_PCA_by_RUV4.R#L68   ROIcolours <- list() ...
R/util_create_PCA_by_RUV4.R#L70   ROIshapes <- lapply(seq_along(batchVar ...
R/util_create_PCA_by_RUV4.R#L72   }) ...
R/util_create_PCA_by_RUV4.R#L73   ROIcolours <- lapply(seq_along(batchVa ...
R/util_create_PCA_by_RUV4.R#L75   }) ...
R/util_create_PCA_by_RUV4.R#L77   pcaPlot <- .PCAFunction( ...
R/util_create_PCA_by_RUV4.R#L81   ) + ...
R/util_create_PCA_by_RUV4.R#L84   return(pcaPlot) ...
R/util_create_PCA_customization.R#L9   shapes_colours_pca <- list() ...
R/util_create_PCA_customization.R#L10   shapes_colours_pca <- lapply(seq_along ...
R/util_create_PCA_customization.R#L12       shinyWidgets::radioGroupButtons( ...
R/util_create_PCA_customization.R#L18           tags$img(src = "www/circle.png ...
R/util_create_PCA_customization.R#L19           tags$img(src = "www/square.png ...
R/util_create_PCA_customization.R#L20           tags$img( ...
R/util_create_PCA_customization.R#L23           ), ...
R/util_create_PCA_customization.R#L24           tags$img(src = "www/triangle.p ...
R/util_create_PCA_customization.R#L25           tags$img( ...
R/util_create_PCA_customization.R#L28           ) ...
R/util_create_PCA_customization.R#L33           21, ...
R/util_create_PCA_customization.R#L34           22, ...
R/util_create_PCA_customization.R#L35           23, ...
R/util_create_PCA_customization.R#L36           24, ...
R/util_create_PCA_customization.R#L37           25 ...
R/util_create_PCA_customization.R#L39       ), ...
R/util_create_PCA_customization.R#L40       shiny::textInput( ...
R/util_create_PCA_customization.R#L44           "black", "blue", "pink3", "pur ...
R/util_create_PCA_customization.R#L45           "darkgreen", "maroon", "turquo ...
R/util_create_PCA_customization.R#L47       ), ...
R/util_create_PCA_customization.R#L48       style = "display: inline-block;" ...
R/util_create_PCA_customization.R#L50   }) ...
R/util_create_PCA_customization.R#L53   shapes_colours_pca # Show the actual w ...
R/util_create_PCA_customization.R#L58   # must use dplyr for this to work... ...
R/util_create_PCA_customization.R#L59   batchVars <- data()[[2]] %>% ...
R/util_create_PCA_customization.R#L63   # Must be initialized first ...
R/util_create_PCA_customization.R#L64   shapes_colours_pca_batch <- list() ...
R/util_create_PCA_customization.R#L66   shapes_colours_pca_batch <- lapply(seq ...
R/util_create_PCA_customization.R#L68       shinyWidgets::radioGroupButtons( ...
R/util_create_PCA_customization.R#L74           tags$img(src = "www/circle.png ...
R/util_create_PCA_customization.R#L75           tags$img(src = "www/square.png ...
R/util_create_PCA_customization.R#L76           tags$img( ...
R/util_create_PCA_customization.R#L79           ), ...
R/util_create_PCA_customization.R#L80           tags$img(src = "www/triangle.p ...
R/util_create_PCA_customization.R#L81           tags$img( ...
R/util_create_PCA_customization.R#L84           ) ...
R/util_create_PCA_customization.R#L89           21, ...
R/util_create_PCA_customization.R#L90           22, ...
R/util_create_PCA_customization.R#L91           23, ...
R/util_create_PCA_customization.R#L92           24, ...
R/util_create_PCA_customization.R#L93           25 ...
R/util_create_PCA_customization.R#L95       ), ...
R/util_create_PCA_customization.R#L96       shiny::textInput( ...
R/util_create_PCA_customization.R#L100           "black", "blue", "pink3", "pur ...
R/util_create_PCA_customization.R#L101           "darkgreen", "maroon", "turquo ...
R/util_create_PCA_customization.R#L103       ), ...
R/util_create_PCA_customization.R#L104       style = "display: inline-block;" ...
R/util_create_PCA_customization.R#L106   }) ...
R/util_create_PCA_customization.R#L109   return(shapes_colours_pca_batch) ...
R/util_create_table.R#L3   # If there are more than two groups, m ...
R/util_create_table.R#L4   # but it might sort by default? could  ...
R/util_create_table.R#L6   if (length(input$selectedTypes) > 2) { ...
R/util_create_table.R#L8       coef = seq_len(ncol(contrast())),  ...
R/util_create_table.R#L9       p.value = 0.05, sort.by = "F", adj ...
R/util_create_table.R#L10       lfc = input$lfc ...
R/util_create_table.R#L12       tibble::rownames_to_column(var = " ...
R/util_create_table.R#L13       # dplyr::select(!c( ...
R/util_create_table.R#L14       #   "ProbeName", "GeneID", "HUGOSy ...
R/util_create_table.R#L15       #   "Accessions", "GenomeBuild", " ...
R/util_create_table.R#L16       #   "ProbePool", "TargetGroup" ...
R/util_create_table.R#L17       # )) ...
R/util_create_table.R#L18   } else { ...
R/util_create_table.R#L20       coef = seq_len(ncol(contrast())),  ...
R/util_create_table.R#L21       p.value = 0.05, sort.by = "P", adj ...
R/util_create_table.R#L22       lfc = input$lfc ...
R/util_create_table.R#L24       tibble::rownames_to_column(var = " ...
R/util_create_table.R#L25       # dplyr::select(!c( ...
R/util_create_table.R#L26       #   "ProbeName", "GeneID", "HUGOSy ...
R/util_create_table.R#L27       #   "Accessions", "GenomeBuild", " ...
R/util_create_table.R#L28       #   "ProbePool", "TargetGroup" ...
R/util_create_table.R#L29       # )) ...
R/util_create_table.R#L30   } ...
R/util_create_table.R#L31   return(dt) ...
R/util_create_volcano.R#L3   input$selectedTypes, input$selectedNor ...
R/util_create_volcano.R#L4   input$generateVolcano ...
R/util_create_volcano.R#L6   shiny::req(efit(), contrast(), input$l ...
R/util_create_volcano.R#L8   shiny::withProgress(message = "Plottin ...
R/util_create_volcano.R#L11       limma::topTable(efit(), coef = i,  ...
R/util_create_volcano.R#L15           adj.P.Val < input$PvalCutoff,  ...
R/util_create_volcano.R#L17           adj.P.Val < input$PvalCutoff,  ...
R/util_create_volcano.R#L22           quantile(abs(logFC), 0.999, na ...
R/util_create_volcano.R#L23           NA ...
R/util_create_volcano.R#L30       plots <- list() ...
R/util_create_volcano.R#L32       plots <- lapply(seq_along(volcanoD ...
R/util_create_volcano.R#L34           volcanoDF[[i]], input$delabSiz ...
R/util_create_volcano.R#L35           colnames(contrast())[i], ...
R/util_create_volcano.R#L36           input$logFCcutoff, input$PvalC ...
R/util_create_volcano.R#L37           input$DnCol, input$notDEcol, i ...
R/util_create_volcano.R#L39           ggplot2::xlim( ...
R/util_create_volcano.R#L42           ) ...
R/util_create_volcano.R#L43       }) ...
R/util_create_volcano.R#L45       plots <- lapply(seq_along(volcanoD ...
R/util_create_volcano.R#L47           volcanoDF[[i]], input$delabSiz ...
R/util_create_volcano.R#L48           colnames(contrast())[i], ...
R/util_create_volcano.R#L49           input$logFCcutoff, input$PvalC ...
R/util_create_volcano.R#L50           input$DnCol, input$notDEcol, i ...
R/util_create_volcano.R#L52           ggplot2::xlim( ...
R/util_create_volcano.R#L55           ) + ...
R/util_create_volcano.R#L56           ggplot2::ylim( ...
R/util_create_volcano.R#L58           ) ...
R/util_create_volcano.R#L59       }) ...
R/util_create_volcano.R#L61   }) ...
R/util_create_volcano.R#L63   return(plots) ...
R/util_differential_gene_exp.R#L3   shiny::req(input$selectedNorm) ...
R/util_differential_gene_exp.R#L4   spe <- eval(parse(text = input$selecte ...
R/util_differential_gene_exp.R#L5   ExpVar <- paste0(input$selectedExpVar, ...
R/util_differential_gene_exp.R#L7   # li <- list() ...
R/util_differential_gene_exp.R#L8   # li[[1]] <- "~0" ...
R/util_differential_gene_exp.R#L9   # li[[2]] <- ExpVar ...
R/util_differential_gene_exp.R#L10  # li[[3]] <- input$selectedBatch ...
R/util_differential_gene_exp.R#L12   preFormula <- list() ...
R/util_differential_gene_exp.R#L14   preFormula <- lapply(seq_along(input$s ...
R/util_differential_gene_exp.R#L16   }) ...
R/util_differential_gene_exp.R#L18   preFormula <- c("~0",ExpVar, preFormul ...
R/util_differential_gene_exp.R#L20   if (input$selectedNorm == "speRUV()")  ...
R/util_differential_gene_exp.R#L22       preFormula[[i + length(preFormula) ...
R/util_differential_gene_exp.R#L24   } ...
R/util_differential_gene_exp.R#L26   formula <- gsub(" ", " + ", paste(preF ...
R/util_differential_gene_exp.R#L27   design <- stats::model.matrix(eval(par ...
R/util_differential_gene_exp.R#L29   ) ...
R/util_differential_gene_exp.R#L31   if (!limma::is.fullrank(design)) { ...
R/util_differential_gene_exp.R#L34                                   data = ...
R/util_differential_gene_exp.R#L36   } ...
R/util_differential_gene_exp.R#L38   colnames(design) <- gsub(ExpVar, "", c ...
R/util_differential_gene_exp.R#L39   colnames(design) <- gsub(input$selecte ...
R/util_differential_gene_exp.R#L40   colnames(design) <- gsub(" ", "_", col ...
R/util_differential_gene_exp.R#L42   return(design) ...
R/util_differential_gene_exp.R#L48   shiny::withProgress(message = "Creatin ...
R/util_differential_gene_exp.R#L64   }) ...
R/util_differential_gene_exp.R#L65   return(dge) ...
R/util_differential_gene_exp.R#L71   shiny::req(input$selectedBatch, contra ...
R/util_differential_gene_exp.R#L73   shiny::withProgress( ...
R/util_differential_gene_exp.R#L76       spe <- eval(parse(text = input$sel ...
R/util_differential_gene_exp.R#L78       block_by <- SummarizedExperiment:: ...
R/util_differential_gene_exp.R#L80       v <- limma::voom(dge(), design()) ...
R/util_differential_gene_exp.R#L81       corfit <- limma::duplicateCorrelat ...
R/util_differential_gene_exp.R#L83       shiny::incProgress(1 / 5) ...
R/util_differential_gene_exp.R#L85       v2 <- limma::voom(dge(), design(), ...
R/util_differential_gene_exp.R#L86       corfit2 <- limma::duplicateCorrela ...
R/util_differential_gene_exp.R#L88       shiny::incProgress(2 / 5) ...
R/util_differential_gene_exp.R#L90       fit <- limma::lmFit(v, design(), b ...
R/util_differential_gene_exp.R#L92       shiny::incProgress(3 / 5) ...
R/util_differential_gene_exp.R#L94       fit_contrast <- limma::contrasts.f ...
R/util_differential_gene_exp.R#L95       efit <- limma::eBayes(fit_contrast ...
R/util_differential_gene_exp.R#L97       shiny::incProgress(4 / 5) ...
R/util_differential_gene_exp.R#L99   ) ...
R/util_differential_gene_exp.R#L101   return(efit) ...
R/util_differential_gene_exp.R#L108   # replace space with _ ...
R/util_differential_gene_exp.R#L109   selectedTypes_underscore <- gsub(" ",  ...
R/util_differential_gene_exp.R#L111   comparisons <- list() ...
R/util_differential_gene_exp.R#L113   comparisons <- lapply( ...
R/util_differential_gene_exp.R#L116       noquote( ...
R/util_differential_gene_exp.R#L118           utils::combn(selectedTypes_und ...
R/util_differential_gene_exp.R#L119           "-", ...
R/util_differential_gene_exp.R#L120           utils::combn(selectedTypes_und ...
R/util_differential_gene_exp.R#L122       ) ...
R/util_differential_gene_exp.R#L124   ) ...
R/util_differential_gene_exp.R#L126   con <- limma::makeContrasts( ...
R/util_differential_gene_exp.R#L130   ) ...
R/util_differential_gene_exp.R#L132   colnames(con) <- sub("-", "_vs_", coln ...
R/util_differential_gene_exp.R#L134   return(con) ...
R/util_PCA_function.R#L17                          ROIshapes, ROIc ...
R/util_PCA_function.R#L18   standR::drawPCA(spe, precomputed = pre ...
R/util_PCA_function.R#L22       shape = factor(!!as.name(colourSha ...
R/util_PCA_function.R#L23       fill = factor(!!as.name(colourShap ...
R/util_PCA_function.R#L27       values = as.integer(unlist(ROIshap ...
R/util_PCA_function.R#L30       values = unlist(ROIcolours) # colo ...
R/util_PCA_function.R#L33       labels = scales::number_format(acc ...
R/util_PCA_function.R#L36       labels = scales::number_format(acc ...
R/util_PCA_function.R#L39       panel.grid.minor = ggplot2::elemen ...
R/util_PCA_function.R#L40       panel.grid.major = ggplot2::elemen ...
R/util_PCA_function.R#L41       axis.text = ggplot2::element_text( ...
R/util_PCA_function.R#L42       axis.line = ggplot2::element_blank ...
R/util_PCA_function.R#L43       axis.ticks = ggplot2::element_line ...
R/util_PCA_function.R#L44       axis.title = ggplot2::element_text ...
R/util_PCA_function.R#L45       legend.title = ggplot2::element_te ...
R/util_PCA_function.R#L48       ), ...
R/util_PCA_function.R#L49       legend.text = ggplot2::element_tex ...
R/util_PCA_function.R#L52       ), ...
R/util_PCA_function.R#L53       plot.margin = grid::unit(c(1, 1, 1 ...
R/util_PCA_function.R#L54       plot.background = ggplot2::element ...
R/util_PCA_function.R#L57       ), ...
R/util_PCA_function.R#L58       plot.title = ggplot2::element_text ...
R/util_PCA_function.R#L61       ), ...
R/util_PCA_function.R#L62       panel.border = ggplot2::element_re ...
R/util_PCA_function.R#L63       panel.background = ggplot2::elemen ...
R/util_PCA_function.R#L66       ), ...
R/util_PCA_function.R#L67       legend.background = ggplot2::eleme ...
R/util_PCA_function.R#L70       ), ...
R/util_PCA_function.R#L71       legend.box.background = ggplot2::e ...
R/util_PCA_function.R#L74       ), ...
R/util_PCA_function.R#L75       legend.key = ggplot2::element_rect ...
R/util_PCA_function.R#L76       legend.position = "bottom", ...
R/util_PCA_function.R#L77       aspect.ratio = 1 ...
R/util_PCA_function.R#L79       if (sum(nchar(selectedVar)) > 110) ...
R/util_PCA_function.R#L81           fill = ggplot2::guide_legend(n ...
R/util_PCA_function.R#L82           shape = ggplot2::guide_legend( ...
R/util_PCA_function.R#L84       } else if (sum(nchar(selectedVar)) ...
R/util_PCA_function.R#L86           fill = ggplot2::guide_legend(n ...
R/util_PCA_function.R#L87           shape = ggplot2::guide_legend( ...
R/util_PCA_function.R#L89       } else if (sum(nchar(selectedVar)) ...
R/util_PCA_function.R#L91           fill = ggplot2::guide_legend(n ...
R/util_PCA_function.R#L92           shape = ggplot2::guide_legend( ...
R/util_PCA_function.R#L94       } ...
R/util_process_excel.R#L3   shiny::validate( ...
R/util_process_excel.R#L5       shiny::isTruthy(input$useSampleDat ...
R/util_process_excel.R#L7       "Use demo data OR upload your own! ...
R/util_process_excel.R#L9   ) ...
R/util_process_excel.R#L11   data <- list() ...
R/util_process_excel.R#L13   if (input$useSampleData == TRUE) { ...
R/util_process_excel.R#L29   } else { ...
R/util_process_excel.R#L40   } ...
R/util_process_excel.R#L42   # countFile <- as.data.frame(bioprob[, ...
R/util_process_excel.R#L43   # sampleAnnoFile <- as.data.frame(segP ...
R/util_process_excel.R#L44   # featureAnnoFile <- as.data.frame(bio ...
R/util_process_excel.R#L46   data[[1]] <- as.data.frame(countFile) ...
R/util_process_excel.R#L47   data[[2]] <- as.data.frame(sampleAnnoF ...
R/util_process_excel.R#L49   names(data) <- c("countFile","sampleAn ...
R/util_process_excel.R#L50   #data[[3]] <- featureAnnoFile ...
R/util_process_excel.R#L51   #data[[4]] <- sampleAnnoFile[,ncol(sam ...
R/util_process_excel.R#L52   #data[[5]] <- colnames(sampleAnnoFile) ...
R/util_process_excel.R#L54   return(data) ...
R/util_process_excel.R#L59   req(input$selectedExpVar) ...
R/util_process_excel.R#L61   ExpVar <- paste0(input$selectedExpVar, ...
R/util_process_excel.R#L64   if (length(input$selectedExpVar) > 1)  ...
R/util_process_excel.R#L66       tidyr::unite( ...
R/util_process_excel.R#L70       ) ...
R/util_process_excel.R#L71   } else { ...
R/util_process_excel.R#L73   } ...
R/util_process_excel.R#L74   return(new_sampleAnnoFile) ...
R/util_process_excel.R#L79   spe <- standR::readGeoMx( ...
R/util_process_excel.R#L81    # data()[[2]] ...
R/util_process_excel.R#L82    new_sampleAnnoFile() ...
R/util_process_excel.R#L83   ) ...
R/util_process_excel.R#L84   selectedTypes <- input$selectedTypes ...
R/util_process_excel.R#L85   selectedExpVar <- paste0(input$selecte ...
R/util_process_excel.R#L87   test <- colData(spe) %>% tibble::as_ti ...
R/util_process_excel.R#L89   spe <- spe[, grepl(paste(selectedTypes ...
R/util_process_excel.R#L91   # if (input$enableQC) { ...
R/util_process_excel.R#L92   # qc <- colData(spe)$AlignedReads/colD ...
R/util_process_excel.R#L93   # ...
R/util_process_excel.R#L94   # spe <- spe[,qc] ...
R/util_process_excel.R#L95   # } ...
R/util_process_excel.R#L97   return(spe) ...
R/util_volcano_function.R#L18                              logFCcutoff ...
R/util_volcano_function.R#L19                              DnCol, notD ...
R/util_volcano_function.R#L20   ggplot2::ggplot( ...
R/util_volcano_function.R#L23       x = logFC, ...
R/util_volcano_function.R#L24       y = -log10(adj.P.Val), ...
R/util_volcano_function.R#L25       col = de, ...
R/util_volcano_function.R#L26       label = deLab ...
R/util_volcano_function.R#L28   ) + ...
R/util_volcano_function.R#L32       axis.ticks = ggplot2::element_line ...
R/util_volcano_function.R#L33       panel.border = ggplot2::element_re ...
R/util_volcano_function.R#L34       text = ggplot2::element_text(size  ...
R/util_volcano_function.R#L35       title = ggplot2::element_text(size ...
R/util_volcano_function.R#L36       axis.text = ggplot2::element_text( ...
R/util_volcano_function.R#L37       plot.margin = grid::unit(c(1, 1, 1 ...
R/util_volcano_function.R#L38       plot.background = ggplot2::element ...
R/util_volcano_function.R#L41       ), ...
R/util_volcano_function.R#L42       panel.background = ggplot2::elemen ...
R/util_volcano_function.R#L45       ), ...
R/util_volcano_function.R#L46       panel.grid = ggplot2::element_blan ...
R/util_volcano_function.R#L47       legend.background = ggplot2::eleme ...
R/util_volcano_function.R#L50       ), ...
R/util_volcano_function.R#L51       legend.box.background = ggplot2::e ...
R/util_volcano_function.R#L54       ), ...
R/util_volcano_function.R#L55       legend.key = ggplot2::element_rect ...
R/util_volcano_function.R#L56       legend.position = "none" ...
R/util_volcano_function.R#L59       xintercept = c(-(logFCcutoff), log ...
R/util_volcano_function.R#L60       linetype = 3 ...
R/util_volcano_function.R#L63       yintercept = -log10(PvalCutoff), c ...
R/util_volcano_function.R#L64       linetype = 3 ...
R/util_volcano_function.R#L67       size = delabSize, ...
R/util_volcano_function.R#L68       segment.colour = "black", ...
R/util_volcano_function.R#L69       segment.linetype = 3, ...
R/util_volcano_function.R#L70       data = volcano %>% ...
R/util_volcano_function.R#L72       ggplot2::aes(label = deLab), ...
R/util_volcano_function.R#L73       min.segment.length = 0, ...
R/util_volcano_function.R#L74       max.overlaps = maxOverlap ...
R/util_volcano_function.R#L77       values = c(DnCol, notDEcol, UpCol) ...
R/util_volcano_function.R#L78       breaks = c("DN", "NA", "UP") ...
R/util_volcano_function.R#L83       fill = "transparent" ...
R/zzz.R#L9   shiny::addResourcePath("www", system.f ...
R/zzz.R#L10   shiny::addResourcePath("favicon.ico",  ...
Checking if package already exists in CRAN... OK
Checking for bioc-devel mailing list subscription...
Cannot determine whether maintainer is subscribed to the Bioc-Devel mailing list (requires admin credentials). Subscribe here: https://stat.ethz.ch/mailman/listinfo/bioc-devel
Checking for support site registration...
Unable to find your email in the Support Site:
  HTTP 404 Not Found.
